{"level":"info","message":"Listening on port 3900..."}
{"level":"info","message":"Connected to mongodb://localhost/places..."}
{"level":"info","message":"Listening on port 3900..."}
{"level":"info","message":"Connected to mongodb://localhost/places..."}
{"level":"error","message":"Joi.validate is not a function Joi.validate is not a function","stack":"TypeError: Joi.validate is not a function\n    at validateFavoritePlace (G:\\Education\\A_Practice\\React_Practice\\react_maps\\api\\models\\favoritePlace.js:21:14)\n    at G:\\Education\\A_Practice\\React_Practice\\react_maps\\api\\routes\\favoritePlaces.js:14:21\n    at newFn (G:\\Education\\A_Practice\\React_Practice\\react_maps\\api\\node_modules\\express-async-errors\\index.js:16:20)\n    at Layer.handle [as handle_request] (G:\\Education\\A_Practice\\React_Practice\\react_maps\\api\\node_modules\\express\\lib\\router\\layer.js:95:5)\n    at next (G:\\Education\\A_Practice\\React_Practice\\react_maps\\api\\node_modules\\express\\lib\\router\\route.js:137:13)\n    at Route.dispatch (G:\\Education\\A_Practice\\React_Practice\\react_maps\\api\\node_modules\\express\\lib\\router\\route.js:112:3)\n    at newFn (G:\\Education\\A_Practice\\React_Practice\\react_maps\\api\\node_modules\\express-async-errors\\index.js:16:20)\n    at Layer.handle [as handle_request] (G:\\Education\\A_Practice\\React_Practice\\react_maps\\api\\node_modules\\express\\lib\\router\\layer.js:95:5)\n    at G:\\Education\\A_Practice\\React_Practice\\react_maps\\api\\node_modules\\express\\lib\\router\\index.js:281:22\n    at Function.process_params (G:\\Education\\A_Practice\\React_Practice\\react_maps\\api\\node_modules\\express\\lib\\router\\index.js:341:12)"}
{"level":"info","message":"Listening on port 3900..."}
{"level":"info","message":"Connected to mongodb://localhost/places..."}
{"level":"info","message":"Listening on port 3900..."}
{"level":"info","message":"Connected to mongodb://localhost/places..."}
{"level":"error","message":"schema.validate is not a function schema.validate is not a function","stack":"TypeError: schema.validate is not a function\n    at validateFavoritePlace (G:\\Education\\A_Practice\\React_Practice\\react_maps\\api\\models\\favoritePlace.js:57:17)\n    at G:\\Education\\A_Practice\\React_Practice\\react_maps\\api\\routes\\favoritePlaces.js:14:21\n    at newFn (G:\\Education\\A_Practice\\React_Practice\\react_maps\\api\\node_modules\\express-async-errors\\index.js:16:20)\n    at Layer.handle [as handle_request] (G:\\Education\\A_Practice\\React_Practice\\react_maps\\api\\node_modules\\express\\lib\\router\\layer.js:95:5)\n    at next (G:\\Education\\A_Practice\\React_Practice\\react_maps\\api\\node_modules\\express\\lib\\router\\route.js:137:13)\n    at Route.dispatch (G:\\Education\\A_Practice\\React_Practice\\react_maps\\api\\node_modules\\express\\lib\\router\\route.js:112:3)\n    at newFn (G:\\Education\\A_Practice\\React_Practice\\react_maps\\api\\node_modules\\express-async-errors\\index.js:16:20)\n    at Layer.handle [as handle_request] (G:\\Education\\A_Practice\\React_Practice\\react_maps\\api\\node_modules\\express\\lib\\router\\layer.js:95:5)\n    at G:\\Education\\A_Practice\\React_Practice\\react_maps\\api\\node_modules\\express\\lib\\router\\index.js:281:22\n    at Function.process_params (G:\\Education\\A_Practice\\React_Practice\\react_maps\\api\\node_modules\\express\\lib\\router\\index.js:341:12)"}
{"level":"info","message":"Listening on port 3900..."}
{"level":"info","message":"Connected to mongodb://localhost/places..."}
{"level":"info","message":"Listening on port 3900..."}
{"level":"info","message":"Connected to mongodb://localhost/places..."}
{"level":"info","message":"Listening on port 3900..."}
{"level":"info","message":"Connected to mongodb://localhost/places..."}
{"_message":"FavoritePlace validation failed","errors":{"geometry":{"kind":"required","message":"Path `geometry` is required.","name":"ValidatorError","path":"geometry","properties":{"message":"Path `geometry` is required.","path":"geometry","type":"required"}},"type":{"kind":"required","message":"Path `type` is required.","name":"ValidatorError","path":"type","properties":{"message":"Path `type` is required.","path":"type","type":"required"}}},"level":"error","message":"FavoritePlace validation failed: geometry: Path `geometry` is required., type: Path `type` is required. FavoritePlace validation failed: geometry: Path `geometry` is required., type: Path `type` is required.","stack":"ValidationError: FavoritePlace validation failed: geometry: Path `geometry` is required., type: Path `type` is required.\n    at model.Document.invalidate (G:\\Education\\A_Practice\\React_Practice\\react_maps\\api\\node_modules\\mongoose\\lib\\document.js:2938:32)\n    at G:\\Education\\A_Practice\\React_Practice\\react_maps\\api\\node_modules\\mongoose\\lib\\document.js:2727:17\n    at G:\\Education\\A_Practice\\React_Practice\\react_maps\\api\\node_modules\\mongoose\\lib\\schema\\SubdocumentPath.js:251:14\n    at G:\\Education\\A_Practice\\React_Practice\\react_maps\\api\\node_modules\\mongoose\\lib\\schematype.js:1323:9\n    at processTicksAndRejections (node:internal/process/task_queues:78:11)"}
{"level":"info","message":"Listening on port 3900..."}
{"level":"info","message":"Connected to mongodb://localhost/places..."}
{"_message":"FavoritePlace validation failed","errors":{"type":{"kind":"required","message":"Path `type` is required.","name":"ValidatorError","path":"type","properties":{"message":"Path `type` is required.","path":"type","type":"required"}}},"level":"error","message":"FavoritePlace validation failed: type: Path `type` is required. FavoritePlace validation failed: type: Path `type` is required.","stack":"ValidationError: FavoritePlace validation failed: type: Path `type` is required.\n    at model.Document.invalidate (G:\\Education\\A_Practice\\React_Practice\\react_maps\\api\\node_modules\\mongoose\\lib\\document.js:2938:32)\n    at G:\\Education\\A_Practice\\React_Practice\\react_maps\\api\\node_modules\\mongoose\\lib\\document.js:2727:17\n    at G:\\Education\\A_Practice\\React_Practice\\react_maps\\api\\node_modules\\mongoose\\lib\\schematype.js:1323:9\n    at processTicksAndRejections (node:internal/process/task_queues:78:11)"}
{"_message":"FavoritePlace validation failed","errors":{"type":{"kind":"required","message":"Path `type` is required.","name":"ValidatorError","path":"type","properties":{"message":"Path `type` is required.","path":"type","type":"required"}}},"level":"error","message":"FavoritePlace validation failed: type: Path `type` is required. FavoritePlace validation failed: type: Path `type` is required.","stack":"ValidationError: FavoritePlace validation failed: type: Path `type` is required.\n    at model.Document.invalidate (G:\\Education\\A_Practice\\React_Practice\\react_maps\\api\\node_modules\\mongoose\\lib\\document.js:2938:32)\n    at G:\\Education\\A_Practice\\React_Practice\\react_maps\\api\\node_modules\\mongoose\\lib\\document.js:2727:17\n    at G:\\Education\\A_Practice\\React_Practice\\react_maps\\api\\node_modules\\mongoose\\lib\\schematype.js:1323:9\n    at processTicksAndRejections (node:internal/process/task_queues:78:11)"}
{"level":"info","message":"Listening on port 3900..."}
{"level":"info","message":"Connected to mongodb://localhost/places..."}
{"_message":"FavoritePlace validation failed","errors":{"type":{"kind":"required","message":"Path `type` is required.","name":"ValidatorError","path":"type","properties":{"message":"Path `type` is required.","path":"type","type":"required"}}},"level":"error","message":"FavoritePlace validation failed: type: Path `type` is required. FavoritePlace validation failed: type: Path `type` is required.","stack":"ValidationError: FavoritePlace validation failed: type: Path `type` is required.\n    at model.Document.invalidate (G:\\Education\\A_Practice\\React_Practice\\react_maps\\api\\node_modules\\mongoose\\lib\\document.js:2938:32)\n    at G:\\Education\\A_Practice\\React_Practice\\react_maps\\api\\node_modules\\mongoose\\lib\\document.js:2727:17\n    at G:\\Education\\A_Practice\\React_Practice\\react_maps\\api\\node_modules\\mongoose\\lib\\schematype.js:1323:9\n    at processTicksAndRejections (node:internal/process/task_queues:78:11)"}
{"level":"info","message":"Listening on port 3900..."}
{"level":"info","message":"Connected to mongodb://localhost/places..."}
{"_message":"FavoritePlace validation failed","errors":{"type":{"kind":"required","message":"Path `type` is required.","name":"ValidatorError","path":"type","properties":{"message":"Path `type` is required.","path":"type","type":"required"}}},"level":"error","message":"FavoritePlace validation failed: type: Path `type` is required. FavoritePlace validation failed: type: Path `type` is required.","stack":"ValidationError: FavoritePlace validation failed: type: Path `type` is required.\n    at model.Document.invalidate (G:\\Education\\A_Practice\\React_Practice\\react_maps\\api\\node_modules\\mongoose\\lib\\document.js:2938:32)\n    at G:\\Education\\A_Practice\\React_Practice\\react_maps\\api\\node_modules\\mongoose\\lib\\document.js:2727:17\n    at G:\\Education\\A_Practice\\React_Practice\\react_maps\\api\\node_modules\\mongoose\\lib\\schematype.js:1323:9\n    at processTicksAndRejections (node:internal/process/task_queues:78:11)"}
{"level":"info","message":"Listening on port 3900..."}
{"level":"info","message":"Connected to mongodb://localhost/places..."}
{"_message":"FavoritePlace validation failed","errors":{"type":{"kind":"required","message":"Path `type` is required.","name":"ValidatorError","path":"type","properties":{"message":"Path `type` is required.","path":"type","type":"required"}}},"level":"error","message":"FavoritePlace validation failed: type: Path `type` is required. FavoritePlace validation failed: type: Path `type` is required.","stack":"ValidationError: FavoritePlace validation failed: type: Path `type` is required.\n    at model.Document.invalidate (G:\\Education\\A_Practice\\React_Practice\\react_maps\\api\\node_modules\\mongoose\\lib\\document.js:2938:32)\n    at G:\\Education\\A_Practice\\React_Practice\\react_maps\\api\\node_modules\\mongoose\\lib\\document.js:2727:17\n    at G:\\Education\\A_Practice\\React_Practice\\react_maps\\api\\node_modules\\mongoose\\lib\\schematype.js:1323:9\n    at processTicksAndRejections (node:internal/process/task_queues:78:11)"}
{"level":"info","message":"Listening on port 3900..."}
{"level":"info","message":"Connected to mongodb://localhost/places..."}
{"_message":"FavoritePlace validation failed","errors":{"geometry":{"kind":"required","message":"Path `geometry` is required.","name":"ValidatorError","path":"geometry","properties":{"message":"Path `geometry` is required.","path":"geometry","type":"required"}},"type":{"kind":"required","message":"Path `type` is required.","name":"ValidatorError","path":"type","properties":{"message":"Path `type` is required.","path":"type","type":"required"}}},"level":"error","message":"FavoritePlace validation failed: geometry: Path `geometry` is required., type: Path `type` is required. FavoritePlace validation failed: geometry: Path `geometry` is required., type: Path `type` is required.","stack":"ValidationError: FavoritePlace validation failed: geometry: Path `geometry` is required., type: Path `type` is required.\n    at model.Document.invalidate (G:\\Education\\A_Practice\\React_Practice\\react_maps\\api\\node_modules\\mongoose\\lib\\document.js:2938:32)\n    at G:\\Education\\A_Practice\\React_Practice\\react_maps\\api\\node_modules\\mongoose\\lib\\document.js:2727:17\n    at G:\\Education\\A_Practice\\React_Practice\\react_maps\\api\\node_modules\\mongoose\\lib\\schema\\SubdocumentPath.js:251:14\n    at G:\\Education\\A_Practice\\React_Practice\\react_maps\\api\\node_modules\\mongoose\\lib\\schematype.js:1323:9\n    at processTicksAndRejections (node:internal/process/task_queues:78:11)"}
{"level":"info","message":"Listening on port 3900..."}
{"level":"info","message":"Connected to mongodb://localhost/places..."}
{"_message":"FavoritePlace validation failed","errors":{"type":{"kind":"required","message":"Path `type` is required.","name":"ValidatorError","path":"type","properties":{"message":"Path `type` is required.","path":"type","type":"required"}}},"level":"error","message":"FavoritePlace validation failed: type: Path `type` is required. FavoritePlace validation failed: type: Path `type` is required.","stack":"ValidationError: FavoritePlace validation failed: type: Path `type` is required.\n    at model.Document.invalidate (G:\\Education\\A_Practice\\React_Practice\\react_maps\\api\\node_modules\\mongoose\\lib\\document.js:2938:32)\n    at G:\\Education\\A_Practice\\React_Practice\\react_maps\\api\\node_modules\\mongoose\\lib\\document.js:2727:17\n    at G:\\Education\\A_Practice\\React_Practice\\react_maps\\api\\node_modules\\mongoose\\lib\\schematype.js:1323:9\n    at processTicksAndRejections (node:internal/process/task_queues:78:11)"}
{"level":"info","message":"Listening on port 3900..."}
{"level":"info","message":"Connected to mongodb://localhost/places..."}
{"_message":"FavoritePlace validation failed","errors":{"type":{"kind":"required","message":"Path `type` is required.","name":"ValidatorError","path":"type","properties":{"message":"Path `type` is required.","path":"type","type":"required"}}},"level":"error","message":"FavoritePlace validation failed: type: Path `type` is required. FavoritePlace validation failed: type: Path `type` is required.","stack":"ValidationError: FavoritePlace validation failed: type: Path `type` is required.\n    at model.Document.invalidate (G:\\Education\\A_Practice\\React_Practice\\react_maps\\api\\node_modules\\mongoose\\lib\\document.js:2938:32)\n    at G:\\Education\\A_Practice\\React_Practice\\react_maps\\api\\node_modules\\mongoose\\lib\\document.js:2727:17\n    at G:\\Education\\A_Practice\\React_Practice\\react_maps\\api\\node_modules\\mongoose\\lib\\schematype.js:1323:9\n    at processTicksAndRejections (node:internal/process/task_queues:78:11)"}
{"level":"info","message":"Listening on port 3900..."}
{"level":"info","message":"Connected to mongodb://localhost/places..."}
{"_message":"FavoritePlace validation failed","errors":{"type":{"kind":"required","message":"Path `type` is required.","name":"ValidatorError","path":"type","properties":{"message":"Path `type` is required.","path":"type","type":"required"}}},"level":"error","message":"FavoritePlace validation failed: type: Path `type` is required. FavoritePlace validation failed: type: Path `type` is required.","stack":"ValidationError: FavoritePlace validation failed: type: Path `type` is required.\n    at model.Document.invalidate (G:\\Education\\A_Practice\\React_Practice\\react_maps\\api\\node_modules\\mongoose\\lib\\document.js:2938:32)\n    at G:\\Education\\A_Practice\\React_Practice\\react_maps\\api\\node_modules\\mongoose\\lib\\document.js:2727:17\n    at G:\\Education\\A_Practice\\React_Practice\\react_maps\\api\\node_modules\\mongoose\\lib\\schematype.js:1323:9\n    at processTicksAndRejections (node:internal/process/task_queues:78:11)"}
{"level":"info","message":"Listening on port 3900..."}
{"level":"info","message":"Connected to mongodb://localhost/places..."}
{"level":"info","message":"Listening on port 3900..."}
{"level":"info","message":"Connected to mongodb://localhost/places..."}
{"level":"info","message":"Listening on port 3900..."}
{"level":"info","message":"Connected to mongodb://localhost/places..."}
{"level":"info","message":"Listening on port 3900..."}
{"level":"info","message":"Connected to mongodb://localhost/places..."}
{"level":"info","message":"Listening on port 3900..."}
{"level":"info","message":"Connected to mongodb://localhost/places..."}
{"_message":"FavoritePlace validation failed","errors":{"userId":{"kind":"minlength","message":"Path `userId` (`::1`) is shorter than the minimum allowed length (5).","name":"ValidatorError","path":"userId","properties":{"message":"Path `userId` (`::1`) is shorter than the minimum allowed length (5).","minlength":5,"path":"userId","type":"minlength","value":"::1"},"value":"::1"}},"level":"error","message":"FavoritePlace validation failed: userId: Path `userId` (`::1`) is shorter than the minimum allowed length (5). FavoritePlace validation failed: userId: Path `userId` (`::1`) is shorter than the minimum allowed length (5).","stack":"ValidationError: FavoritePlace validation failed: userId: Path `userId` (`::1`) is shorter than the minimum allowed length (5).\n    at model.Document.invalidate (G:\\Education\\A_Practice\\React_Practice\\react_maps\\api\\node_modules\\mongoose\\lib\\document.js:2938:32)\n    at G:\\Education\\A_Practice\\React_Practice\\react_maps\\api\\node_modules\\mongoose\\lib\\document.js:2727:17\n    at G:\\Education\\A_Practice\\React_Practice\\react_maps\\api\\node_modules\\mongoose\\lib\\schematype.js:1323:9\n    at processTicksAndRejections (node:internal/process/task_queues:78:11)"}
{"level":"info","message":"Listening on port 3900..."}
{"level":"info","message":"Connected to mongodb://localhost/places..."}
{"level":"error","message":"genre is not defined genre is not defined","stack":"ReferenceError: genre is not defined\n    at G:\\Education\\A_Practice\\React_Practice\\react_maps\\api\\routes\\favoritePlaces.js:36:12\n    at processTicksAndRejections (node:internal/process/task_queues:96:5)"}
{"level":"info","message":"Listening on port 3900..."}
{"level":"info","message":"Connected to mongodb://localhost/places..."}
{"level":"info","message":"Listening on port 3900..."}
{"level":"info","message":"Connected to mongodb://localhost/places..."}
{"level":"info","message":"Listening on port 3900..."}
{"level":"info","message":"Connected to mongodb://localhost/places..."}
{"level":"info","message":"Listening on port 3900..."}
{"level":"info","message":"Connected to mongodb://localhost/places..."}
